<?xml version="1.0" encoding="UTF-8"?>
<testsuite xmlns:xsi="http://www.w3.org/2001/XMLSchema-instance" xsi:noNamespaceSchemaLocation="https://maven.apache.org/surefire/maven-surefire-plugin/xsd/surefire-test-report.xsd" name="org.travel.agency.dao.OrderDAOTest" time="0.019" tests="4" errors="0" skipped="0" failures="0">
  <properties>
[...]
</properties>
  <testcase name="testMatchAllOrdersByCorrectCustomerId" classname="org.travel.agency.dao.OrderDAOTest" time="0.005"/>
  <testcase name="testSave" classname="org.travel.agency.dao.OrderDAOTest" time="0.004"/>
  <testcase name="testMatchAllOrdersCount" classname="org.travel.agency.dao.OrderDAOTest" time="0.005"/>
  <testcase name="testMatchAllOrdersByWrongCustomerId" classname="org.travel.agency.dao.OrderDAOTest" time="0.004"/>
</testsuite>